<?xml version="1.0" encoding="UTF-8"?>
<!-- Generated by org.testng.reporters.JUnitXMLReporter -->
<testsuite ignored="0" hostname="DESKTOP-7SSCP5Q" failures="0" tests="1" name="Test" time="0.038" errors="0" timestamp="2020-07-04T22:40:39 EET">
  <testcase classname="tests.TestBase" name="@BeforeSuite startDriver" time="1.627">
    <failure type="java.lang.NoSuchMethodError" message="&amp;apos;void com.google.common.base.Throwables.throwIfUnchecked(java.lang.Throwable)&amp;apos;">
      <![CDATA[java.lang.NoSuchMethodError: 'void com.google.common.base.Throwables.throwIfUnchecked(java.lang.Throwable)'
at org.openqa.selenium.remote.service.DriverCommandExecutor.execute(DriverCommandExecutor.java:91)
at org.openqa.selenium.remote.RemoteWebDriver.execute(RemoteWebDriver.java:582)
at org.openqa.selenium.remote.RemoteWebDriver.startSession(RemoteWebDriver.java:216)
at org.openqa.selenium.remote.RemoteWebDriver.<init>(RemoteWebDriver.java:136)
at org.openqa.selenium.chromium.ChromiumDriver.<init>(ChromiumDriver.java:75)
at org.openqa.selenium.chrome.ChromeDriver.<init>(ChromeDriver.java:163)
at org.openqa.selenium.chrome.ChromeDriver.<init>(ChromeDriver.java:150)
at org.openqa.selenium.chrome.ChromeDriver.<init>(ChromeDriver.java:105)
at tests.TestBase.startDriver(TestBase.java:16)
... Removed 19 stack frames]]>
    </failure>
  </testcase> <!-- @BeforeSuite startDriver -->
  <testcase classname="tests.UserRegistrationTest" name="UserCanRegisterSuccessfully" time="0.0">
    <skipped/>
  </testcase> <!-- UserCanRegisterSuccessfully -->
</testsuite> <!-- Test -->
