<?xml version="1.0" encoding="UTF-8"?>
<testng-results total="1" passed="1" failed="0" skipped="0">
  <reporter-output>
  </reporter-output>
  <suite started-at="2020-07-25T19:07:59Z" name="nopCommerce Regression Suite" finished-at="2020-07-25T19:08:07Z" duration-ms="8021">
    <groups>
    </groups>
    <test started-at="2020-07-25T19:07:59Z" name="Regression Test" finished-at="2020-07-25T19:08:07Z" duration-ms="8021">
      <class name="tests.ContactUsPageTest">
        <test-method is-config="true" signature="startDriver(java.lang.String)[pri:0, instance:tests.ContactUsPageTest@7161d8d1]" started-at="2020-07-25T21:07:36Z" name="startDriver" finished-at="2020-07-25T21:07:59Z" duration-ms="22845" status="PASS">
          <params>
            <param index="0">
              <value>
                <![CDATA[chrome]]>
              </value>
            </param>
          </params>
          <reporter-output>
          </reporter-output>
        </test-method> <!-- startDriver -->
        <test-method signature="UserCanUseContactUs()[pri:0, instance:tests.ContactUsPageTest@7161d8d1]" started-at="2020-07-25T21:07:59Z" name="UserCanUseContactUs" finished-at="2020-07-25T21:08:07Z" duration-ms="8007" status="PASS">
          <reporter-output>
          </reporter-output>
        </test-method> <!-- UserCanUseContactUs -->
        <test-method is-config="true" signature="screenshotOnFaliure(org.testng.ITestResult)[pri:0, instance:tests.ContactUsPageTest@7161d8d1]" started-at="2020-07-25T21:08:07Z" name="screenshotOnFaliure" finished-at="2020-07-25T21:08:07Z" duration-ms="1" status="PASS">
          <params>
            <param index="0">
              <value>
                <![CDATA[[TestResult name=UserCanUseContactUs status=SUCCESS method=ContactUsPageTest.UserCanUseContactUs()[pri:0, instance:tests.ContactUsPageTest@7161d8d1] output={null}]]]>
              </value>
            </param>
          </params>
          <reporter-output>
          </reporter-output>
        </test-method> <!-- screenshotOnFaliure -->
        <test-method is-config="true" signature="stopDriver()[pri:0, instance:tests.ContactUsPageTest@7161d8d1]" started-at="2020-07-25T21:08:07Z" name="stopDriver" finished-at="2020-07-25T21:08:08Z" duration-ms="869" status="PASS">
          <reporter-output>
          </reporter-output>
        </test-method> <!-- stopDriver -->
      </class> <!-- tests.ContactUsPageTest -->
    </test> <!-- Regression Test -->
  </suite> <!-- nopCommerce Regression Suite -->
</testng-results>
